<?xml version="1.0" encoding="UTF-8"?>
<!-- Generated by org.testng.reporters.JUnitXMLReporter -->
<testsuite ignored="0" hostname="INBANGNBDELL16" failures="1" tests="1" name="test" time="12.612" errors="0" timestamp="2022-09-07T15:40:24 IST">
  <testcase classname="selenium.Selenium1" name="testCountry" time="12.542">
    <failure type="java.lang.AssertionError" message="expected [January 7, 2022 (United States)] but found [17 December 2021]">
      <![CDATA[java.lang.AssertionError: expected [January 7, 2022 (United States)] but found [17 December 2021]
at selenium.Selenium1.testCountry(Selenium1.java:61)
at java.base/java.util.ArrayList.forEach(ArrayList.java:1511)
... Removed 33 stack frames]]>
    </failure>
  </testcase> <!-- testCountry -->
</testsuite> <!-- test -->
